  Display.cpp
C:\Users\César Mosqueira\source\repos\CLRCV\CLRCV\EQ_functions.hpp(21,14): warning C4244: 'initializing': conversion from 'int' to 'float', possible loss of data
C:\Users\César Mosqueira\source\repos\CLRCV\CLRCV\EQ_functions.hpp(26,23): warning C4244: '=': conversion from '_Ty' to '_Ty', possible loss of data
          with
          [
              _Ty=int
          ]
          and
          [
              _Ty=float
          ]
C:\Users\César Mosqueira\source\repos\CLRCV\CLRCV\EQ_functions.hpp(41,28): warning C4244: 'argument': conversion from 'const _Ty' to 'const unsigned __int64', possible loss of data
          with
          [
              _Ty=float
          ]
  Couldn't open C:\Users\César Mosqueira\source\repos\CLRCV\CLRCV\predefined C++ types (compiler internal), continuing without source annotations
  Couldn't open C:\Users\César Mosqueira\source\repos\CLRCV\CLRCV\predefined C++ types (compiler internal), continuing without source annotations
  Couldn't open C:\Users\César Mosqueira\source\repos\CLRCV\CLRCV\predefined C++\CLI attribute types (compiler internal), continuing without source annotations
C:\opencv\build\include\opencv2\core\cvstd.hpp(575): warning C4793: 'cv::String::String': function compiled as native:
  	Found an intrinsic not supported in managed code
C:\opencv\build\include\opencv2\core\cuda.inl.hpp(105): warning C4793: 'cv::cuda::GpuMat::GpuMat': function compiled as native:
  	Found an intrinsic not supported in managed code
C:\opencv\build\include\opencv2\core\cuda.inl.hpp(395): warning C4793: 'cv::cuda::HostMem::HostMem': function compiled as native:
  	Found an intrinsic not supported in managed code
C:\opencv\build\include\opencv2\core\mat.inl.hpp(482): warning C4793: 'cv::Mat::Mat': function compiled as native:
  	Found an intrinsic not supported in managed code
C:\opencv\build\include\opencv2\core\mat.inl.hpp(803): warning C4793: 'cv::Mat::release': function compiled as native:
  	Found an intrinsic not supported in managed code
C:\opencv\build\include\opencv2\core\mat.inl.hpp(2118): warning C4793: 'cv::SparseMat::addref': function compiled as native:
  	Found an intrinsic not supported in managed code
C:\opencv\build\include\opencv2\core\mat.inl.hpp(3718): warning C4793: 'cv::UMat::addref': function compiled as native:
  	Found an intrinsic not supported in managed code
C:\opencv\build\include\opencv2\core\ptr.inl.hpp(67): warning C4793: 'cv::detail::PtrOwner::incRef': function compiled as native:
  	Found an intrinsic not supported in managed code
C:\opencv\build\include\opencv2\core\ptr.inl.hpp(72): warning C4793: 'cv::detail::PtrOwner::decRef': function compiled as native:
  	Found an intrinsic not supported in managed code
C:\opencv\build\include\opencv2\core\cvstd.hpp(657): warning C4793: 'cv::String::operator=': function compiled as native:
  	Found an intrinsic not supported in managed code
  Display.obj : MSIL module encountered; incremental linking is disabled for MSIL; performing full link
  CLRCV.vcxproj -> C:\Users\César Mosqueira\source\repos\CLRCV\x64\Debug\CLRCV.exe
